[2022-09-25 14:03:19.778594] Info: Count of Python, 2
[2022-09-25 14:03:19.778594] Info: line, John: Python is a high-level, general-purpose programming language.
[2022-09-25 14:03:19.778594] Info: line, John: Guido van Rossum began working on Python in the late 1980s as a successor to the ABC programming language and first released it in 1991 as Python 0.9.0.
[2022-09-25 14:03:24.786654] Error: There are no result!
[2022-09-25 14:03:33.295584] Error: There are no result!
[2022-09-25 14:04:03.845710] Error: There are no result!
[2022-09-25 14:04:26.728507] Error: There are no result!
[2022-09-25 14:04:44.448072] Error: There are no result!
[2022-09-25 14:05:12.704746] Error: There are no result!
[2022-09-25 14:05:19.430275] Error: There are no result!
[2022-09-25 14:05:40.276684] Info: Count of John, 2
[2022-09-25 14:05:40.276684] Info: line, John: Python is a high-level, general-purpose programming language.
[2022-09-25 14:05:40.276684] Info: line, John: Guido van Rossum began working on Python in the late 1980s as a successor to the ABC programming language and first released it in 1991 as Python 0.9.0.
[2022-09-25 14:05:59.955849] Info: Count of John, 2
[2022-09-25 14:05:59.955849] Info: line, John: Python is a high-level, general-purpose programming language.
[2022-09-25 14:05:59.955849] Info: line, John: Guido van Rossum began working on Python in the late 1980s as a successor to the ABC programming language and first released it in 1991 as Python 0.9.0.
[2022-09-25 14:06:17.008544] Info: Count of that, 1
[2022-09-25 14:06:17.008544] Info: line, Python 3.0, released in 2008, was a major revision that is not completely backward-compatible with earlier versions.
[2022-09-25 14:06:35.494986] Info: Count of code, 2
[2022-09-25 14:06:35.494986] Info: line, Its design philosophy emphasizes code readability with the use of significant indentation.
[2022-09-25 14:06:35.494986] Info: line, Python 2.0 was released in 2000 and introduced new features such as list comprehensions, cycle-detecting garbage collection, reference counting, and Unicode support.
[2022-09-25 14:06:55.268739] Info: Count of features, 1
[2022-09-25 14:06:55.268739] Info: line, Python 2.0 was released in 2000 and introduced new features such as list comprehensions, cycle-detecting garbage collection, reference counting, and Unicode support.
[2022-09-25 14:07:31.624992] Info: Count of (Python), 7
[2022-09-25 14:07:31.624992] Info: line, John: Python is a high-level, general-purpose programming language.
[2022-09-25 14:07:31.624992] Info: line, Dave: Python is dynamically-typed and garbage-collected.
[2022-09-25 14:07:31.624992] Info: line, John: Guido van Rossum began working on Python in the late 1980s as a successor to the ABC programming language and first released it in 1991 as Python 0.9.0.
[2022-09-25 14:07:31.624992] Info: line, Python 2.0 was released in 2000 and introduced new features such as list comprehensions, cycle-detecting garbage collection, reference counting, and Unicode support.
[2022-09-25 14:07:31.624992] Info: line, Python 3.0, released in 2008, was a major revision that is not completely backward-compatible with earlier versions.
[2022-09-25 14:07:31.624992] Info: line, Python 2 was discontinued with version 2.7.18 in 2020.
[2022-09-25 14:07:31.624992] Info: line, Dave: Python consistently ranks as one of the most popular programming languages.
